<?xml version="1.0" encoding="UTF-8"?>
<testng-results skipped="0" failed="0" total="1" passed="1">
  <reporter-output>
  </reporter-output>
  <suite name="Suite" duration-ms="38642" started-at="2018-10-18T06:57:47Z" finished-at="2018-10-18T06:58:26Z">
    <groups>
    </groups>
    <test name="QDY7N17422000262" duration-ms="38642" started-at="2018-10-18T06:57:47Z" finished-at="2018-10-18T06:58:26Z">
      <class name="cn.hx.appium.cases.LoginRegisterCase">
        <test-method status="PASS" signature="beforeClass(java.lang.String, java.lang.String)[pri:0, instance:cn.hx.appium.cases.LoginRegisterCase@63802959]" name="beforeClass" is-config="true" duration-ms="19704" started-at="2018-10-18T14:57:47Z" finished-at="2018-10-18T14:58:07Z">
          <params>
            <param index="0">
              <value>
                <![CDATA[QDY7N17422000262]]>
              </value>
            </param>
            <param index="1">
              <value>
                <![CDATA[4491]]>
              </value>
            </param>
          </params>
          <reporter-output>
          </reporter-output>
        </test-method> <!-- beforeClass -->
        <test-method status="PASS" signature="beforeMethod()[pri:0, instance:cn.hx.appium.cases.LoginRegisterCase@63802959]" name="beforeMethod" is-config="true" duration-ms="6559" started-at="2018-10-18T14:58:07Z" finished-at="2018-10-18T14:58:13Z">
          <reporter-output>
          </reporter-output>
        </test-method> <!-- beforeMethod -->
        <test-method status="PASS" signature="qqLoginCase()[pri:5, instance:cn.hx.appium.cases.LoginRegisterCase@63802959]" name="qqLoginCase" duration-ms="12368" started-at="2018-10-18T14:58:13Z" finished-at="2018-10-18T14:58:26Z">
          <reporter-output>
          </reporter-output>
        </test-method> <!-- qqLoginCase -->
        <test-method status="PASS" signature="quit()[pri:0, instance:cn.hx.appium.cases.LoginRegisterCase@63802959]" name="quit" is-config="true" duration-ms="2293" started-at="2018-10-18T14:58:26Z" finished-at="2018-10-18T14:58:28Z">
          <reporter-output>
          </reporter-output>
        </test-method> <!-- quit -->
      </class> <!-- cn.hx.appium.cases.LoginRegisterCase -->
    </test> <!-- QDY7N17422000262 -->
  </suite> <!-- Suite -->
</testng-results>
