<?xml version="1.0" encoding="UTF-8"?>
<!-- Generated by org.testng.reporters.JUnitXMLReporter -->
<testsuite hostname="PC-20170725TZYG" name="11111" tests="15" failures="0" timestamp="19 Oct 2018 08:07:38 GMT" time="0.031" errors="0">
  <testcase name="t1" time="0.011" classname="cn.hx.appium.cases.test2"/>
  <testcase name="o2" time="0.0" classname="cn.hx.appium.cases.test2"/>
  <testcase name="o3" time="0.0" classname="cn.hx.appium.cases.test2"/>
  <testcase name="o4" time="0.0" classname="cn.hx.appium.cases.test2"/>
  <testcase name="o5" time="0.0" classname="cn.hx.appium.cases.test2"/>
  <testcase name="t1" time="0.0" classname="cn.hx.appium.cases.test1"/>
  <testcase name="t2" time="0.0" classname="cn.hx.appium.cases.test1"/>
  <testcase name="t3" time="0.001" classname="cn.hx.appium.cases.test1"/>
  <testcase name="t4" time="0.0" classname="cn.hx.appium.cases.test1"/>
  <testcase name="t5" time="0.0" classname="cn.hx.appium.cases.test1"/>
  <testcase name="t1" time="0.0" classname="cn.hx.appium.cases.test3"/>
  <testcase name="t2" time="0.0" classname="cn.hx.appium.cases.test3"/>
  <testcase name="t3" time="0.001" classname="cn.hx.appium.cases.test3"/>
  <testcase name="t4" time="0.0" classname="cn.hx.appium.cases.test3"/>
  <testcase name="t5" time="0.001" classname="cn.hx.appium.cases.test3"/>
</testsuite> <!-- 11111 -->
