<?xml version="1.0" encoding="UTF-8"?>
<!-- Generated by org.testng.reporters.JUnitXMLReporter -->
<testsuite hostname="PC-20170725TZYG" name="c752dc74" tests="1" failures="1" timestamp="19 Oct 2018 09:41:35 GMT" time="20.205" errors="0">
  <testcase name="qqLoginCase" time="0.0" classname="cn.hx.appium.cases.LoginRegisterCase">
    <failure type="java.lang.NullPointerException">
      <![CDATA[java.lang.NullPointerException
	at cn.hx.appium.cases.LoginRegisterCase.qqLoginCase(LoginRegisterCase.java:71)
	at java.util.concurrent.FutureTask.run(FutureTask.java:266)
	at java.util.concurrent.ThreadPoolExecutor.runWorker(ThreadPoolExecutor.java:1149)
	at java.util.concurrent.ThreadPoolExecutor$Worker.run(ThreadPoolExecutor.java:624)
	at java.lang.Thread.run(Thread.java:748)
... Removed 16 stack frames]]>
    </failure>
  </testcase> <!-- qqLoginCase -->
</testsuite> <!-- c752dc74 -->
