<?xml version="1.0" encoding="UTF-8"?>
<!-- Generated by org.testng.reporters.JUnitXMLReporter -->
<testsuite hostname="PC-20170725TZYG" name="c8ebc45e" tests="3" failures="0" timestamp="24 Oct 2018 02:20:20 GMT" time="58.686" errors="0">
  <testcase name="qqLoginCase" time="14.461" classname="cn.hx.appium.cases.LoginRegisterCase"/>
  <testcase name="chooseHistorySpCase" time="12.911" classname="cn.hx.appium.cases.ChooseShopCase"/>
  <testcase name="achooseAllSpCase" time="3.218" classname="cn.hx.appium.cases.ChooseShopCase"/>
</testsuite> <!-- c8ebc45e -->
