<?xml version="1.0" encoding="UTF-8"?>
<!-- Generated by org.testng.reporters.JUnitXMLReporter -->
<testsuite hostname="PC-20170725TZYG" name="QDY7N17422000262" tests="3" failures="0" timestamp="24 Oct 2018 07:36:22 GMT" time="65.339" errors="0">
  <testcase name="qqLoginCase" time="15.505" classname="cn.hx.appium.cases.LoginRegisterCase"/>
  <testcase name="chooseHistorySpCase" time="13.042" classname="cn.hx.appium.cases.ChooseShopCase"/>
  <testcase name="achooseAllSpCase" time="2.98" classname="cn.hx.appium.cases.ChooseShopCase"/>
</testsuite> <!-- QDY7N17422000262 -->
