<?xml version="1.0" encoding="UTF-8"?>
<testsuite name="c8ebc45e"
           tests="3"
           failures="0"
           errors="0"
           skipped="0"
           time="78.729">
  <properties />
  
  
            <testcase name="weChatLoginCase" time="30.038" classname="cn.hx.appium.cases.LoginNewCase" />
                <testcase name="QQLoginCase" time="15.638" classname="cn.hx.appium.cases.LoginNewCase" />
                <testcase name="phoneLoginCase" time="33.053" classname="cn.hx.appium.cases.LoginNewCase" />
      
</testsuite>
