<?xml version="1.0" encoding="UTF-8"?>
<testsuite name="QDY7N17422000262"
           tests="3"
           failures="0"
           errors="0"
           skipped="0"
           time="75.403">
  <properties />
  
  
            <testcase name="checkGoldCase" time="29.640" classname="cn.hx.appium.cases.MeCase" />
                <testcase name="checkIntegralCase" time="29.526" classname="cn.hx.appium.cases.MeCase" />
                <testcase name="feedbackCase" time="16.237" classname="cn.hx.appium.cases.MeCase" />
      
</testsuite>
