<?xml version="1.0" encoding="UTF-8"?>
<testsuite name="QDY7N17422000262"
           tests="3"
           failures="0"
           errors="0"
           skipped="0"
           time="41.569">
  <properties />
  
  
            <testcase name="intExchangeCase" time="5.484" classname="cn.hx.appium.cases.ExchangeTicketCase" />
                <testcase name="goldExchangeCase" time="7.209" classname="cn.hx.appium.cases.ExchangeTicketCase" />
                <testcase name="checkNumCase" time="28.876" classname="cn.hx.appium.cases.ExchangeTicketCase" />
      
</testsuite>
