<?xml version="1.0" encoding="UTF-8"?>
<testsuite name="QDY7N17422000262"
           tests="3"
           failures="0"
           errors="0"
           skipped="0"
           time="70.396">
  <properties />
  
  
            <testcase name="modifyBabyCase" time="25.983" classname="cn.hx.appium.cases.BabyFileCase" />
                <testcase name="addGBabyCase" time="21.980" classname="cn.hx.appium.cases.BabyFileCase" />
                <testcase name="addBBabyCase" time="22.433" classname="cn.hx.appium.cases.BabyFileCase" />
      
</testsuite>
