<?xml version="1.0" encoding="UTF-8"?>
<testsuite name="QDY7N17422000262"
           tests="4"
           failures="0"
           errors="0"
           skipped="0"
           time="73.245">
  <properties />
  
  
            <testcase name="filterCase" time="4.466" classname="cn.hx.appium.cases.ToyStoreCase" />
                <testcase name="rentByCarCase" time="24.927" classname="cn.hx.appium.cases.ToyStoreCase" />
                <testcase name="shareFilterCase" time="35.431" classname="cn.hx.appium.cases.ToyStoreCase" />
                <testcase name="rentByNowCase" time="8.421" classname="cn.hx.appium.cases.ToyStoreCase" />
      
</testsuite>
