<?xml version="1.0" encoding="UTF-8"?>
<testsuite name="QDY7N17422000262"
           tests="6"
           failures="0"
           errors="0"
           skipped="0"
           time="263.124">
  <properties />
  
  
            <testcase name="carOperateCase" time="40.888" classname="cn.hx.appium.cases.ToyRentCase" />
                <testcase name="typeAndAgeCase" time="20.157" classname="cn.hx.appium.cases.ToyRentCase" />
                <testcase name="addCarDetailCase" time="54.925" classname="cn.hx.appium.cases.ToyRentCase" />
                <testcase name="addCarRentCase" time="112.169" classname="cn.hx.appium.cases.ToyRentCase" />
                <testcase name="rentByNowCase" time="7.285" classname="cn.hx.appium.cases.ToyRentCase" />
                <testcase name="rentByCarCase" time="27.700" classname="cn.hx.appium.cases.ToyRentCase" />
      
</testsuite>
