<?xml version="1.0" encoding="UTF-8"?>
<testsuite name="QDY7N17422000262"
           tests="4"
           failures="0"
           errors="0"
           skipped="0"
           time="125.892">
  <properties />
  
  
            <testcase name="modifyNickCase" time="42.518" classname="cn.hx.appium.cases.PersonalDataCase" />
                <testcase name="relatedOneselfCase" time="21.533" classname="cn.hx.appium.cases.PersonalDataCase" />
                <testcase name="phoneFristCase" time="31.233" classname="cn.hx.appium.cases.PersonalDataCase" />
                <testcase name="QQBindCase" time="30.608" classname="cn.hx.appium.cases.PersonalDataCase" />
      
</testsuite>
